Line 56: Class MSACAL.Calendar of control takvim was not a loaded control class.
Line 62: The property name _Version in takvim is invalid.
Line 63: The property name _ExtentX in takvim is invalid.
Line 64: The property name _ExtentY in takvim is invalid.
Line 65: The property name _StockProps in takvim is invalid.
Line 67: The property name Year in takvim is invalid.
Line 68: The property name Month in takvim is invalid.
Line 69: The property name Day in takvim is invalid.
Line 70: The property name DayLength in takvim is invalid.
Line 71: The property name MonthLength in takvim is invalid.
Line 72: The property name DayFontColor in takvim is invalid.
Line 73: The property name FirstDay in takvim is invalid.
Line 74: The property name GridCellEffect in takvim is invalid.
Line 75: The property name GridFontColor in takvim is invalid.
Line 76: The property name GridLinesColor in takvim is invalid.
Line 77: The property name ShowDateSelectors in takvim is invalid.
Line 78: The property name ShowDays in takvim is invalid.
Line 79: The property name ShowHorizontalGrid in takvim is invalid.
Line 80: The property name ShowTitle in takvim is invalid.
Line 81: The property name ShowVerticalGrid in takvim is invalid.
Line 82: The property name TitleFontColor in takvim is invalid.
Line 83: The property name ValueIsNull in takvim is invalid.
Line 92: The property name DayFont in takvim is invalid.
Line 101: The property name GridFont in takvim is invalid.
Line 110: The property name TitleFont in takvim is invalid.
Line 62: The property name _Version in takvim is invalid.
Line 63: The property name _ExtentX in takvim is invalid.
Line 64: The property name _ExtentY in takvim is invalid.
Line 65: The property name _StockProps in takvim is invalid.
Line 67: The property name Year in takvim is invalid.
Line 68: The property name Month in takvim is invalid.
Line 69: The property name Day in takvim is invalid.
Line 70: The property name DayLength in takvim is invalid.
Line 71: The property name MonthLength in takvim is invalid.
Line 72: The property name DayFontColor in takvim is invalid.
Line 73: The property name FirstDay in takvim is invalid.
Line 74: The property name GridCellEffect in takvim is invalid.
Line 75: The property name GridFontColor in takvim is invalid.
Line 76: The property name GridLinesColor in takvim is invalid.
Line 77: The property name ShowDateSelectors in takvim is invalid.
Line 78: The property name ShowDays in takvim is invalid.
Line 79: The property name ShowHorizontalGrid in takvim is invalid.
Line 80: The property name ShowTitle in takvim is invalid.
Line 81: The property name ShowVerticalGrid in takvim is invalid.
Line 82: The property name TitleFontColor in takvim is invalid.
Line 83: The property name ValueIsNull in takvim is invalid.
Line 92: The property name DayFont in takvim is invalid.
Line 101: The property name GridFont in takvim is invalid.
Line 110: The property name TitleFont in takvim is invalid.
